<?xml version="1.0" encoding="UTF-8"?>
<!-- Generated by org.testng.reporters.JUnitReportReporter -->
<testsuite hostname="DESKTOP-077G3EM" failures="0" tests="1" name="com.zee5.Android_HipiScripts.AndroidHiPiNeoP1" time="877.730" errors="0" timestamp="5 Dec 2023 09:32:19 GMT">
  <testcase classname="com.zee5.Android_HipiScripts.AndroidHiPiNeoP1" name="eCommerce_HipiProductP1" time="877.730"/>
</testsuite> <!-- com.zee5.Android_HipiScripts.AndroidHiPiNeoP1 -->
