<?xml version="1.0" encoding="UTF-8"?>
<!-- Generated by org.testng.reporters.JUnitReportReporter -->
<testsuite hostname="DESKTOP-077G3EM" failures="0" tests="1" name="com.zee5.Android_HipiScripts.AndroidHiPiNeoP0" time="190.723" errors="0" timestamp="28 Dec 2023 13:00:53 GMT">
  <testcase classname="com.zee5.Android_HipiScripts.AndroidHiPiNeoP0" name="productTaggingP0" time="190.723"/>
</testsuite> <!-- com.zee5.Android_HipiScripts.AndroidHiPiNeoP0 -->
