<?xml version="1.0" encoding="UTF-8"?>
<!-- Generated by org.testng.reporters.JUnitReportReporter -->
<testsuite hostname="DESKTOP-077G3EM" failures="0" tests="1" name="com.zee5.Android_HipiScripts.AndroidHiPiNeoP0" time="140.754" errors="0" timestamp="28 Mar 2024 07:29:37 GMT">
  <testcase classname="com.zee5.Android_HipiScripts.AndroidHiPiNeoP0" name="eCommerce_HipiProductP0" time="140.754"/>
</testsuite> <!-- com.zee5.Android_HipiScripts.AndroidHiPiNeoP0 -->
